TN:
SF:/home/ubuntu/lab1_cpp/bcd2421.cpp
FN:112,142,_Z16add_2421_numbersRKSt6vectorIS_IiSaIiEESaIS1_EES5_
FN:144,150,_Z16tetrad_to_stringB5cxx11RKSt6vectorIiSaIiEE
FN:152,159,_Z13bcd_to_stringB5cxx11RKSt6vectorIS_IiSaIiEESaIS1_EE
FN:22,33,_Z15tetrad_to_digitRKSt6vectorIiSaIiEE
FN:36,43,_Z15digit_to_tetradi
FN:45,57,_Z17int_to_2421_arrayi
FN:59,75,_Z17array_2421_to_intRKSt6vectorIS_IiSaIiEESaIS1_EE
FN:77,88,_Z15add_4bit_binaryRKSt6vectorIiSaIiEES3_i
FN:90,110,_Z14add_2421_digitRKSt6vectorIiSaIiEES3_i
FNDA:9,_Z16add_2421_numbersRKSt6vectorIS_IiSaIiEESaIS1_EES5_
FNDA:6,_Z16tetrad_to_stringB5cxx11RKSt6vectorIiSaIiEE
FNDA:0,_Z13bcd_to_stringB5cxx11RKSt6vectorIS_IiSaIiEESaIS1_EE
FNDA:22,_Z15tetrad_to_digitRKSt6vectorIiSaIiEE
FNDA:16,_Z15digit_to_tetradi
FNDA:24,_Z17int_to_2421_arrayi
FNDA:15,_Z17array_2421_to_intRKSt6vectorIS_IiSaIiEESaIS1_EE
FNDA:0,_Z15add_4bit_binaryRKSt6vectorIiSaIiEES3_i
FNDA:11,_Z14add_2421_digitRKSt6vectorIiSaIiEES3_i
FNF:9
FNH:7
DA:22,22
DA:23,22
DA:24,110
DA:25,88
DA:28,22
DA:29,22
DA:30,22
DA:32,0
DA:33,22
DA:36,16
DA:37,16
DA:38,16
DA:39,16
DA:40,16
DA:42,0
DA:45,24
DA:46,24
DA:47,24
DA:49,54
DA:50,30
DA:51,30
DA:52,30
DA:56,48
DA:57,24
DA:59,15
DA:60,15
DA:62,39
DA:63,24
DA:64,120
DA:65,96
DA:68,24
DA:69,24
DA:70,24
DA:72,24
DA:74,30
DA:75,15
DA:77,0
DA:78,0
DA:79,0
DA:81,0
DA:82,0
DA:83,0
DA:84,0
DA:87,0
DA:88,0
DA:90,11
DA:92,11
DA:93,11
DA:95,11
DA:97,0
DA:98,0
DA:99,0
DA:102,11
DA:105,11
DA:106,11
DA:109,11
DA:112,9
DA:113,9
DA:116,9
DA:117,9
DA:119,9
DA:120,0
DA:122,9
DA:123,0
DA:126,9
DA:127,9
DA:130,20
DA:131,11
DA:132,11
DA:133,11
DA:134,11
DA:137,9
DA:138,5
DA:141,18
DA:142,9
DA:144,6
DA:145,6
DA:146,30
DA:147,24
DA:149,6
DA:150,0
DA:152,0
DA:153,0
DA:154,0
DA:155,0
DA:156,0
DA:158,0
DA:159,0
LF:88
LH:64
end_of_record
TN:
SF:/home/ubuntu/lab1_cpp/binary_operations.cpp
FN:102,143,_Z8multiplyii
FN:145,151,_Z11clean_zerosRKSt6vectorIiSaIiEE
FN:153,166,_Z19is_greater_or_equalRKSt6vectorIiSaIiEES3_
FN:168,192,_Z15subtract_binaryRKSt6vectorIiSaIiEES3_
FN:194,306,_Z6divideii
FN:26,37,_Z22from_binary_to_decimalRKSt5arrayIiLm32EE
FN:308,314,_Z13bin_to_stringB5cxx11RKSt6vectorIiSaIiEE
FN:316,322,_Z13bin_to_stringB5cxx11RKSt5arrayIiLm32EE
FN:39,45,_Z19unsigned_to_decimalRKSt6vectorIiSaIiEE
FN:47,55,_Z26decimal_to_ones_complementi
FN:57,80,_Z15twos_complementRKSt5arrayIiLm32EE
FN:8,24,_Z17decimal_to_binaryi
FN:82,96,_Z10add_binaryii
FN:98,100,_Z12minus_binaryii
FNDA:12,_Z8multiplyii
FNDA:556,_Z11clean_zerosRKSt6vectorIiSaIiEE
FNDA:155,_Z19is_greater_or_equalRKSt6vectorIiSaIiEES3_
FNDA:28,_Z15subtract_binaryRKSt6vectorIiSaIiEES3_
FNDA:7,_Z6divideii
FNDA:30,_Z22from_binary_to_decimalRKSt5arrayIiLm32EE
FNDA:4,_Z13bin_to_stringB5cxx11RKSt6vectorIiSaIiEE
FNDA:0,_Z13bin_to_stringB5cxx11RKSt5arrayIiLm32EE
FNDA:0,_Z19unsigned_to_decimalRKSt6vectorIiSaIiEE
FNDA:4,_Z26decimal_to_ones_complementi
FNDA:48,_Z15twos_complementRKSt5arrayIiLm32EE
FNDA:74,_Z17decimal_to_binaryi
FNDA:14,_Z10add_binaryii
FNDA:4,_Z12minus_binaryii
FNF:14
FNH:12
DA:8,74
DA:9,74
DA:10,74
DA:11,27
DA:14,74
DA:15,74
DA:17,284
DA:18,210
DA:19,210
DA:20,210
DA:23,74
DA:26,30
DA:27,30
DA:28,960
DA:29,930
DA:32,30
DA:33,10
DA:36,30
DA:39,0
DA:40,0
DA:41,0
DA:42,0
DA:44,0
DA:47,4
DA:48,4
DA:49,4
DA:50,64
DA:51,62
DA:54,4
DA:57,48
DA:58,48
DA:59,30
DA:62,18
DA:65,576
DA:66,558
DA:70,22
DA:71,22
DA:72,22
DA:73,4
DA:75,18
DA:79,18
DA:82,14
DA:83,14
DA:84,14
DA:86,14
DA:87,14
DA:89,462
DA:90,448
DA:91,448
DA:92,448
DA:95,14
DA:98,4
DA:99,4
DA:102,12
DA:103,12
DA:104,4
DA:105,4
DA:108,8
DA:109,8
DA:111,8
DA:112,8
DA:114,8
DA:116,256
DA:117,248
DA:118,10
DA:119,320
DA:120,310
DA:121,310
DA:122,296
DA:129,256
DA:130,248
DA:131,248
DA:132,248
DA:133,240
DA:138,256
DA:139,248
DA:142,8
DA:143,8
DA:145,556
DA:146,556
DA:147,979
DA:148,423
DA:150,556
DA:151,0
DA:153,155
DA:154,155
DA:155,155
DA:157,155
DA:158,134
DA:160,116
DA:161,106
DA:162,104
DA:165,10
DA:166,155
DA:168,28
DA:169,28
DA:170,28
DA:173,44
DA:174,16
DA:177,28
DA:178,28
DA:180,188
DA:181,160
DA:182,160
DA:183,32
DA:184,32
DA:186,128
DA:188,160
DA:191,56
DA:192,28
DA:194,7
DA:195,7
DA:196,2
DA:199,5
DA:200,5
DA:203,5
DA:206,10
DA:207,5
DA:210,5
DA:211,5
DA:213,5
DA:214,5
DA:215,5
DA:218,5
DA:219,0
DA:220,0
DA:223,0
DA:224,0
DA:227,0
DA:231,5
DA:232,0
DA:233,0
DA:234,0
DA:236,0
DA:240,5
DA:241,0
DA:242,0
DA:245,0
DA:246,0
DA:247,0
DA:248,0
DA:252,0
DA:253,0
DA:255,0
DA:256,0
DA:257,0
DA:259,0
DA:263,0
DA:268,23
DA:269,18
DA:270,18
DA:272,18
DA:273,8
DA:274,8
DA:276,10
DA:277,5
DA:282,5
DA:283,0
DA:287,90
DA:288,85
DA:289,51
DA:290,51
DA:294,34
DA:295,34
DA:297,34
DA:298,16
DA:299,16
DA:301,18
DA:305,5
DA:306,5
DA:308,4
DA:309,4
DA:310,28
DA:311,24
DA:313,4
DA:314,0
DA:316,0
DA:317,0
DA:318,0
DA:319,0
DA:321,0
DA:322,0
LF:182
LH:146
end_of_record
TN:
SF:/home/ubuntu/lab1_cpp/ieee754.cpp
FN:113,119,_Z25is_greater_or_equal_fixedRKSt6vectorIiSaIiEES3_
FN:121,137,_Z18subtract_mantissasRKSt6vectorIiSaIiEES3_
FN:139,146,_Z22decimal_to_binary_8biti
FN:148,170,_Z18multiply_mantissasRKSt6vectorIiSaIiEES3_
FN:172,269,_Z8add_ieeeRKSt5arrayIiLm32EES2_
FN:271,335,_Z13multiply_ieeeRKSt5arrayIiLm32EES2_
FN:337,466,_Z11divide_ieeeRKSt5arrayIiLm32EES2_
FN:61,94,_Z17ieee_bin_to_floatRKSt5arrayIiLm32EE
FN:9,59,_Z17float_to_ieee_binf
FN:96,111,_Z13add_mantissasRKSt6vectorIiSaIiEES3_
FNDA:6,_Z25is_greater_or_equal_fixedRKSt6vectorIiSaIiEES3_
FNDA:6,_Z18subtract_mantissasRKSt6vectorIiSaIiEES3_
FNDA:20,_Z22decimal_to_binary_8biti
FNDA:9,_Z18multiply_mantissasRKSt6vectorIiSaIiEES3_
FNDA:10,_Z8add_ieeeRKSt5arrayIiLm32EES2_
FNDA:9,_Z13multiply_ieeeRKSt5arrayIiLm32EES2_
FNDA:9,_Z11divide_ieeeRKSt5arrayIiLm32EES2_
FNDA:40,_Z17ieee_bin_to_floatRKSt5arrayIiLm32EE
FNDA:60,_Z17float_to_ieee_binf
FNDA:4,_Z13add_mantissasRKSt6vectorIiSaIiEES3_
FNF:10
FNH:10
DA:9,60
DA:10,60
DA:12,60
DA:13,8
DA:16,52
DA:17,52
DA:20,52
DA:23,52
DA:24,83
DA:25,55
DA:26,55
DA:28,24
DA:29,0
DA:30,0
DA:31,0
DA:36,52
DA:39,468
DA:40,416
DA:44,52
DA:47,1248
DA:48,1196
DA:49,1196
DA:50,96
DA:51,96
DA:53,1100
DA:57,52
DA:58,52
DA:61,40
DA:63,40
DA:64,296
DA:65,288
DA:66,32
DA:67,32
DA:70,40
DA:71,8
DA:74,32
DA:77,32
DA:78,288
DA:79,256
DA:83,32
DA:84,32
DA:85,768
DA:86,736
DA:87,84
DA:89,736
DA:92,32
DA:93,32
DA:96,4
DA:97,4
DA:98,4
DA:100,104
DA:101,100
DA:102,100
DA:103,100
DA:106,4
DA:107,4
DA:110,4
DA:111,0
DA:113,6
DA:114,102
DA:115,98
DA:116,96
DA:118,4
DA:121,6
DA:122,6
DA:123,6
DA:125,152
DA:126,146
DA:127,146
DA:128,2
DA:129,2
DA:131,144
DA:133,146
DA:136,6
DA:137,0
DA:139,20
DA:140,20
DA:142,180
DA:143,160
DA:145,20
DA:148,9
DA:149,9
DA:151,225
DA:152,216
DA:153,10
DA:154,10
DA:156,250
DA:157,240
DA:158,240
DA:159,240
DA:160,240
DA:163,10
DA:164,0
DA:169,9
DA:172,10
DA:173,10
DA:174,10
DA:177,10
DA:178,90
DA:179,80
DA:180,80
DA:182,10
DA:185,20
DA:186,20
DA:187,240
DA:188,230
DA:189,230
DA:193,10
DA:194,4
DA:195,4
DA:196,4
DA:197,6
DA:198,2
DA:199,2
DA:200,2
DA:204,10
DA:206,10
DA:207,4
DA:208,4
DA:210,4
DA:211,4
DA:212,4
DA:215,6
DA:216,6
DA:217,6
DA:219,0
DA:220,0
DA:224,6
DA:225,104
DA:226,100
DA:227,2
DA:228,2
DA:231,6
DA:232,4
DA:233,4
DA:237,4
DA:238,2
DA:239,2
DA:240,2
DA:245,6
DA:246,6
DA:247,6
DA:248,12
DA:251,6
DA:252,0
DA:256,6
DA:260,6
DA:261,54
DA:262,48
DA:264,144
DA:265,138
DA:268,6
DA:269,10
DA:271,9
DA:272,9
DA:275,9
DA:276,288
DA:277,279
DA:278,279
DA:281,9
DA:282,0
DA:283,0
DA:284,0
DA:288,9
DA:289,81
DA:290,72
DA:291,72
DA:293,9
DA:296,18
DA:297,18
DA:298,216
DA:299,207
DA:300,207
DA:304,9
DA:307,9
DA:308,9
DA:309,0
DA:310,0
DA:311,0
DA:313,9
DA:314,18
DA:317,9
DA:318,0
DA:322,9
DA:326,9
DA:327,81
DA:328,72
DA:330,216
DA:331,207
DA:334,9
DA:335,9
DA:337,9
DA:339,9
DA:340,133
DA:341,129
DA:342,5
DA:343,5
DA:346,9
DA:347,4
DA:351,5
DA:352,5
DA:353,5
DA:354,5
DA:355,5
DA:358,5
DA:359,0
DA:360,0
DA:361,0
DA:364,5
DA:367,5
DA:368,45
DA:369,40
DA:370,40
DA:372,5
DA:375,10
DA:376,10
DA:377,120
DA:378,115
DA:379,115
DA:383,5
DA:384,125
DA:385,120
DA:387,5
DA:390,5
DA:391,5
DA:392,5
DA:395,125
DA:396,120
DA:397,120
DA:399,120
DA:400,5
DA:401,5
DA:403,115
DA:404,0
DA:409,5
DA:410,0
DA:414,130
DA:415,125
DA:416,125
DA:418,125
DA:419,5
DA:420,5
DA:422,120
DA:427,5
DA:428,5
DA:429,5
DA:432,5
DA:433,5
DA:434,0
DA:435,0
DA:438,5
DA:439,5
DA:442,5
DA:443,5
DA:444,120
DA:445,115
DA:448,5
DA:449,0
DA:453,5
DA:457,5
DA:458,45
DA:459,40
DA:461,120
DA:462,115
DA:465,5
DA:466,5
LF:266
LH:242
end_of_record
TN:
SF:/home/ubuntu/lab1_cpp/main.cpp
FN:11,13,_Z12print_binaryRKNSt7__cxx1112basic_stringIcSt11char_traitsIcESaIcEEERKSt5arrayIiLm32EE
FN:15,17,_Z12print_binaryRKNSt7__cxx1112basic_stringIcSt11char_traitsIcESaIcEEERKSt6vectorIiSaIiEE
FN:19,21,_Z9print_bcdRKNSt7__cxx1112basic_stringIcSt11char_traitsIcESaIcEEERKSt6vectorIS7_IiSaIiEESaIS9_EE
FN:23,237,main
FNDA:0,_Z12print_binaryRKNSt7__cxx1112basic_stringIcSt11char_traitsIcESaIcEEERKSt5arrayIiLm32EE
FNDA:0,_Z12print_binaryRKNSt7__cxx1112basic_stringIcSt11char_traitsIcESaIcEEERKSt6vectorIiSaIiEE
FNDA:0,_Z9print_bcdRKNSt7__cxx1112basic_stringIcSt11char_traitsIcESaIcEEERKSt6vectorIS7_IiSaIiEESaIS9_EE
FNDA:8,main
FNF:4
FNH:1
DA:11,0
DA:12,0
DA:13,0
DA:15,0
DA:16,0
DA:17,0
DA:19,0
DA:20,0
DA:21,0
DA:23,8
DA:27,46
DA:28,23
DA:29,23
DA:30,23
DA:31,23
DA:32,23
DA:33,23
DA:34,23
DA:35,23
DA:36,23
DA:37,23
DA:38,23
DA:40,23
DA:41,23
DA:43,23
DA:44,1
DA:45,1
DA:46,1
DA:47,1
DA:50,22
DA:51,8
DA:52,8
DA:55,14
DA:57,0
DA:58,0
DA:60,0
DA:61,0
DA:62,0
DA:64,0
DA:65,0
DA:66,0
DA:69,14
DA:71,0
DA:72,0
DA:73,0
DA:74,0
DA:76,0
DA:77,0
DA:79,0
DA:80,0
DA:83,14
DA:85,0
DA:86,0
DA:87,0
DA:88,0
DA:90,0
DA:91,0
DA:93,0
DA:94,0
DA:97,14
DA:99,0
DA:100,0
DA:101,0
DA:102,0
DA:104,0
DA:105,0
DA:107,0
DA:108,0
DA:111,14
DA:113,2
DA:114,2
DA:115,2
DA:116,2
DA:119,2
DA:122,2
DA:123,2
DA:124,2
DA:127,12
DA:128,10
DA:130,2
DA:133,2
DA:134,7
DA:135,5
DA:138,2
DA:139,2
DA:140,36
DA:141,34
DA:142,8
DA:144,34
DA:147,2
DA:148,2
DA:149,1
DA:152,2
DA:153,2
DA:154,0
DA:155,0
DA:156,0
DA:159,12
DA:163,0
DA:164,0
DA:165,0
DA:166,0
DA:167,0
DA:168,0
DA:170,0
DA:171,0
DA:176,0
DA:177,0
DA:179,0
DA:180,0
DA:181,0
DA:182,0
DA:184,0
DA:185,0
DA:187,0
DA:188,0
DA:191,0
DA:192,0
DA:195,0
DA:197,0
DA:198,0
DA:200,0
DA:201,0
DA:202,0
DA:205,12
DA:207,12
DA:208,12
DA:209,12
DA:210,12
DA:212,12
DA:213,0
DA:214,0
DA:217,12
DA:218,12
DA:220,12
DA:221,12
DA:223,12
DA:224,34
DA:225,22
DA:227,12
DA:228,12
DA:229,12
DA:232,0
DA:234,15
DA:236,8
LF:145
LH:72
end_of_record
TN:
SF:/home/ubuntu/lab1_cpp/test_runner.cpp
FN:10,21,_Z22test_decimal_to_binaryv
FN:102,124,_Z13test_multiplyv
FN:126,144,_Z11test_dividev
FN:146,170,_Z20test_ieee_conversionv
FN:172,187,_Z13test_add_ieeev
FN:189,204,_Z18test_multiply_ieeev
FN:206,223,_Z16test_divide_ieeev
FN:225,243,_Z13test_bcd_2421v
FN:23,33,_Z27test_from_binary_to_decimalv
FN:245,264,_Z13test_add_2421v
FN:266,289,main
FN:35,48,_Z20test_ones_complementv
FN:50,67,_Z20test_twos_complementv
FN:69,88,_Z15test_add_binaryv
FN:90,100,_Z17test_minus_binaryv
FNDA:4,_Z22test_decimal_to_binaryv
FNDA:4,_Z13test_multiplyv
FNDA:4,_Z11test_dividev
FNDA:4,_Z20test_ieee_conversionv
FNDA:4,_Z13test_add_ieeev
FNDA:4,_Z18test_multiply_ieeev
FNDA:4,_Z16test_divide_ieeev
FNDA:4,_Z13test_bcd_2421v
FNDA:4,_Z27test_from_binary_to_decimalv
FNDA:4,_Z13test_add_2421v
FNDA:4,main
FNDA:4,_Z20test_ones_complementv
FNDA:4,_Z20test_twos_complementv
FNDA:4,_Z15test_add_binaryv
FNDA:4,_Z17test_minus_binaryv
FNF:15
FNH:15
DA:10,4
DA:11,4
DA:13,4
DA:14,4
DA:15,4
DA:17,4
DA:18,4
DA:20,4
DA:21,4
DA:23,4
DA:24,4
DA:26,4
DA:27,4
DA:29,4
DA:30,4
DA:32,4
DA:33,4
DA:35,4
DA:36,4
DA:38,4
DA:39,4
DA:40,132
DA:41,128
DA:44,4
DA:45,4
DA:47,4
DA:48,4
DA:50,4
DA:51,4
DA:53,4
DA:54,4
DA:55,132
DA:56,128
DA:59,4
DA:60,4
DA:61,4
DA:62,132
DA:63,128
DA:66,4
DA:67,4
DA:69,4
DA:70,4
DA:72,4
DA:73,4
DA:75,4
DA:76,4
DA:78,4
DA:79,4
DA:81,4
DA:82,4
DA:84,4
DA:85,4
DA:87,4
DA:88,4
DA:90,4
DA:91,4
DA:93,4
DA:94,4
DA:96,4
DA:97,4
DA:99,4
DA:100,4
DA:102,4
DA:103,4
DA:105,4
DA:106,4
DA:108,4
DA:109,4
DA:111,4
DA:112,4
DA:114,4
DA:115,4
DA:117,4
DA:118,4
DA:120,4
DA:121,4
DA:123,4
DA:124,4
DA:126,4
DA:127,4
DA:129,4
DA:130,4
DA:132,4
DA:133,16
DA:134,4
DA:137,4
DA:138,0
DA:139,4
DA:140,4
DA:141,4
DA:143,4
DA:144,4
DA:146,4
DA:147,4
DA:149,4
DA:150,4
DA:151,4
DA:152,4
DA:154,4
DA:155,4
DA:156,4
DA:157,4
DA:159,4
DA:160,4
DA:161,4
DA:162,4
DA:164,4
DA:165,4
DA:166,4
DA:167,4
DA:169,4
DA:170,4
DA:172,4
DA:173,4
DA:175,4
DA:176,4
DA:177,4
DA:178,4
DA:179,4
DA:181,4
DA:182,4
DA:183,4
DA:184,4
DA:186,4
DA:187,4
DA:189,4
DA:190,4
DA:192,4
DA:193,4
DA:194,4
DA:195,4
DA:196,4
DA:198,4
DA:199,4
DA:200,4
DA:201,4
DA:203,4
DA:204,4
DA:206,4
DA:207,4
DA:209,4
DA:210,4
DA:211,4
DA:212,4
DA:213,4
DA:216,4
DA:217,0
DA:218,4
DA:219,4
DA:220,4
DA:222,4
DA:223,4
DA:225,4
DA:226,4
DA:228,4
DA:229,4
DA:230,4
DA:231,4
DA:233,4
DA:234,4
DA:235,4
DA:237,4
DA:238,4
DA:239,4
DA:240,4
DA:242,4
DA:243,4
DA:245,4
DA:246,4
DA:248,4
DA:249,4
DA:250,4
DA:251,4
DA:253,4
DA:254,4
DA:255,4
DA:256,4
DA:258,4
DA:259,4
DA:260,4
DA:261,4
DA:263,4
DA:264,4
DA:266,4
DA:267,4
DA:268,4
DA:270,4
DA:271,4
DA:272,4
DA:273,4
DA:274,4
DA:275,4
DA:276,4
DA:277,4
DA:278,4
DA:279,4
DA:280,4
DA:281,4
DA:282,4
DA:283,4
DA:285,4
DA:286,4
DA:288,4
LF:203
LH:201
end_of_record
